15:26:59.287 [main] INFO  DollarDays - Deleting cookies
15:26:59.347 [main] INFO  DollarDays - Maximize browser window 
15:26:59.463 [main] INFO  DollarDays - Logging into Dollardays Website .
15:26:59.465 [main] DEBUG DollarDays - Navigating to Login Page.
15:27:07.280 [main] DEBUG DollarDays - Clearing and Entering UserEmail and Password
15:27:07.932 [main] DEBUG DollarDays - Clicking Sign in Button
15:27:18.512 [main] INFO  DollarDays - Verified AddressBookPage Title successfully.
15:27:18.640 [main] INFO  DollarDays - Verified AddressBookPage Heading successfully.
15:27:18.789 [main] INFO  DollarDays - AddShipToAddress link is displayed
15:27:19.022 [main] DEBUG DollarDays - The actual AddressBookPageLeftPanelaccount links are:
[Account Overview, My Profile, My Address Book, My Wallet, Tax Exempt, My Favorites, Order History, Log Out]
15:27:20.209 [main] DEBUG DollarDays - The expected list is:
[Account Overview, My Profile, My Address Book, My Wallet, Tax Exempt, My Favorites, Order History, Log Out]
15:27:20.210 [main] INFO  DollarDays - AddressBookLeftPaneLinkTexts are getting displayed as expected
15:27:21.927 [main] INFO  DollarDays - Account Overview link url verified successfully.
15:27:24.623 [main] INFO  DollarDays - My Profile link url verified successfully.
15:27:28.090 [main] INFO  DollarDays - My Address Book link url verified successfully.
15:27:30.723 [main] INFO  DollarDays - My Wallet link url verified successfully.
15:27:34.729 [main] INFO  DollarDays - Tax Exempt link url verified successfully.
15:27:42.194 [main] INFO  DollarDays - My Favorites link url verified successfully.
15:27:45.187 [main] INFO  DollarDays - Order History link url verified successfully.
15:27:49.042 [main] INFO  DollarDays - User is able to log out successfully
15:27:49.042 [main] INFO  DollarDays - Logging into Dollardays Website .
15:27:49.044 [main] DEBUG DollarDays - Navigating to Login Page.
15:27:55.128 [main] DEBUG DollarDays - Clearing and Entering UserEmail and Password
15:27:55.856 [main] DEBUG DollarDays - Clicking Sign in Button
15:28:15.033 [main] INFO  DollarDays - New Address is added succesfully on clicking NewShipToAddressLink
15:28:23.963 [main] INFO  DollarDays - Added Address is  edited succesfully
15:28:27.587 [main] INFO  DollarDays - Address is set as default in AddressBook Page
15:28:29.173 [main] DEBUG DollarDays - Name fetched from AccountOverviewPage is :[Priya, lathaAmazon]
15:28:29.298 [main] DEBUG DollarDays - Name fetched from excel is :[Priya, lathaAmazon]
15:28:29.458 [main] DEBUG DollarDays - Address in Account overview page is: [100, 23001 Glenoaks Rd, Burbank, CA 91504]
15:28:29.544 [main] DEBUG DollarDays - Name fetched from excel is :[100, 23001 Glenoaks Rd, Burbank, CA 91504]
15:28:29.544 [main] INFO  DollarDays - Name and Address is saved in Account Overview Page correctly
15:28:33.681 [main] INFO  DollarDays - Address is not deleted on clicking no button in confirmation box
15:29:36.058 [main] WARN  DollarDays - NoSuchElementException  Proxy element for: DefaultElementLocator 'By.xpath: //*[@id="aspnetForm"]/div[5]/div[1]/section/div/div[3]/div/div[2]/div/section/div[1]/div[2]' This WebElement is not present/displayed. 
15:29:36.059 [main] INFO  DollarDays - DeleteLinkYesBtn is verified successfully.
15:29:37.360 [main] INFO  DollarDays - Country  is   verified as a DropdownList successfully.
15:29:40.095 [main] INFO  DollarDays - United States of America is selected from dropdownlist by default
15:29:41.416 [main] DEBUG DollarDays - [Alabama, Alaska, Arizona, Arkansas, California, Colorado, Connecticut, Delaware, District of Columbia, Florida, Georgia, Hawaii, Idaho, Illinois, Indiana, Iowa, Kansas, Kentucky, Louisiana, Maine, Maryland, Massachusetts, Michigan, Minnesota, Mississippi, Missouri, Montana, Nebraska, Nevada, New Hampshire, New Jersey, New Mexico, New York, North Carolina, North Dakota, Ohio, Oklahoma, Oregon, Pennsylvania, Rhode Island, South Carolina, South Dakota, Tennessee, Texas, Utah, Vermont, Virginia, Washington, West Virginia, Wisconsin, Wyoming]expstateslist is displayed
15:29:41.417 [main] INFO  DollarDays - States List is  displayed as expected
15:29:43.432 [main] INFO  DollarDays - Alert is displayed for companyname for receiving type Commercial shipments with shipping dock:"+companyNameAlert
15:29:45.475 [main] INFO  DollarDays - Alert is displayed for companyname for receiving type Commercial shipments without shipping dock:Company name/Organization name is required for commercial shipments
15:29:49.521 [main] INFO  DollarDays - Alert is displayed for empty mandatory fields
15:29:49.521 [main] INFO  DollarDays - Given name / first name (Required) is displayed for empty firstname
15:29:49.522 [main] INFO  DollarDays - Surname / last name / family name (Required) is displayed for empty lastname
15:29:49.522 [main] INFO  DollarDays - Address (Required) is displayed for empty streetaddress
15:29:49.522 [main] INFO  DollarDays - Country (Required)is displayed for empty country
