18:10:19.416 [main] INFO  DollarDays - Logging into Dollardays Website .
18:10:19.432 [main] DEBUG DollarDays - Navigating to Login Page.
18:10:24.982 [main] DEBUG DollarDays - Clearing and Entering UserEmail and Password
18:10:25.511 [main] DEBUG DollarDays - Clicking Sign in Button
18:10:32.684 [main] INFO  DollarDays - Verified AddressBookPage Title successfully.
18:10:32.816 [main] INFO  DollarDays - Verified AddressBookPage Heading successfully.
18:10:32.878 [main] INFO  DollarDays - AddShipToAddress link is displayed
18:10:33.045 [main] DEBUG DollarDays - The actual AddressBookPageLeftPanelaccount links are:
[Account Overview, My Profile, My Address Book, My Wallet, Tax Exempt, My Favorites, My Wishlist, Order History, Log Out]
18:10:33.548 [main] DEBUG DollarDays - The expected list is:
[Account Overview, My Profile, My Address Book, My Wallet, Tax Exempt, My Favorites, My Wishlist, Order History, Log Out]
18:10:33.548 [main] INFO  DollarDays - AddressBookLeftPaneLinkTexts are getting displayed as expected
18:10:34.613 [main] INFO  DollarDays - WebPage is closed
18:14:09.296 [main] INFO  DollarDays - Firefox Driver is initialized
18:14:09.312 [main] INFO  DollarDays - Opening the firefox browser and Navigating to Home page of Dollardays
18:14:14.821 [main] INFO  DollarDays - Navigated to Homepage of  Dollardays 
18:14:14.821 [main] INFO  DollarDays - Deleting cookies
18:14:14.859 [main] INFO  DollarDays - Maximize browser window 
18:14:14.937 [main] INFO  DollarDays - Logging into Dollardays Website .
18:14:14.938 [main] DEBUG DollarDays - Navigating to Login Page.
18:14:20.523 [main] DEBUG DollarDays - Clearing and Entering UserEmail and Password
18:14:21.018 [main] DEBUG DollarDays - Clicking Sign in Button
18:14:28.724 [main] INFO  DollarDays - Verified AddressBookPage Title successfully.
18:14:28.809 [main] INFO  DollarDays - Verified AddressBookPage Heading successfully.
18:14:28.856 [main] INFO  DollarDays - AddShipToAddress link is displayed
18:14:28.987 [main] DEBUG DollarDays - The actual AddressBookPageLeftPanelaccount links are:
[Account Overview, My Profile, My Address Book, My Wallet, Tax Exempt, My Favorites, My Wishlist, Order History, Log Out]
18:14:29.426 [main] DEBUG DollarDays - The expected list is:
[Account Overview, My Profile, My Address Book, My Wallet, Tax Exempt, My Favorites, My Wishlist, Order History, Log Out]
18:14:29.426 [main] INFO  DollarDays - AddressBookLeftPaneLinkTexts are getting displayed as expected
18:14:30.611 [main] INFO  DollarDays - WebPage is closed
18:15:09.804 [main] INFO  DollarDays - Firefox Driver is initialized
18:15:09.812 [main] INFO  DollarDays - Opening the firefox browser and Navigating to Home page of Dollardays
18:15:12.286 [main] INFO  DollarDays - Navigated to Homepage of  Dollardays 
18:15:12.286 [main] INFO  DollarDays - Deleting cookies
18:15:12.334 [main] INFO  DollarDays - Maximize browser window 
18:15:12.420 [main] INFO  DollarDays - Logging into Dollardays Website .
18:15:12.421 [main] DEBUG DollarDays - Navigating to Login Page.
18:15:18.199 [main] DEBUG DollarDays - Clearing and Entering UserEmail and Password
18:15:18.643 [main] DEBUG DollarDays - Clicking Sign in Button
18:15:25.313 [main] INFO  DollarDays - Verified AddressBookPage Title successfully.
18:15:25.382 [main] INFO  DollarDays - Verified AddressBookPage Heading successfully.
18:15:25.436 [main] INFO  DollarDays - AddShipToAddress link is displayed
18:15:25.583 [main] DEBUG DollarDays - The actual AddressBookPageLeftPanelaccount links are:
[Account Overview, My Profile, My Address Book, My Wallet, Tax Exempt, My Favorites, Order History, Log Out]
18:15:26.281 [main] DEBUG DollarDays - The expected list is:
[Account Overview, My Profile, My Address Book, My Wallet, Tax Exempt, My Favorites, Order History, Log Out, ]
18:15:27.282 [main] INFO  DollarDays - WebPage is closed
18:18:05.916 [main] INFO  DollarDays - Firefox Driver is initialized
18:18:05.916 [main] INFO  DollarDays - Opening the firefox browser and Navigating to Home page of Dollardays
18:18:09.528 [main] INFO  DollarDays - Navigated to Homepage of  Dollardays 
18:18:09.528 [main] INFO  DollarDays - Deleting cookies
18:18:09.582 [main] INFO  DollarDays - Maximize browser window 
18:18:09.676 [main] INFO  DollarDays - Logging into Dollardays Website .
18:18:09.676 [main] DEBUG DollarDays - Navigating to Login Page.
18:18:14.213 [main] DEBUG DollarDays - Clearing and Entering UserEmail and Password
18:18:14.774 [main] DEBUG DollarDays - Clicking Sign in Button
18:18:21.285 [main] INFO  DollarDays - Verified AddressBookPage Title successfully.
18:18:21.401 [main] INFO  DollarDays - Verified AddressBookPage Heading successfully.
18:18:21.448 [main] INFO  DollarDays - AddShipToAddress link is displayed
18:18:21.586 [main] DEBUG DollarDays - The actual AddressBookPageLeftPanelaccount links are:
[Account Overview, My Profile, My Address Book, My Wallet, Tax Exempt, My Favorites, Order History, Log Out]
