09:28:25.447 [main] INFO  DollarDays - Chrome Driver is initialized
09:28:25.471 [main] INFO  DollarDays - Opening the chrome browser and Navigating to Home page of Dollardays
09:28:29.212 [main] INFO  DollarDays - Navigated to Homepage of  Dollardays 
09:28:29.213 [main] INFO  DollarDays - Deleting cookies
09:28:29.507 [main] INFO  DollarDays - Maximize browser window 
09:28:29.875 [main] INFO  DollarDays - Logging into Dollardays Website .
09:28:29.876 [main] DEBUG DollarDays - Navigating to Login Page.
09:28:32.034 [main] DEBUG DollarDays - Clearing and Entering UserEmail and Password
09:28:33.447 [main] DEBUG DollarDays - Clicking Sign in Button
09:28:46.939 [main] INFO  DollarDays - Chrome Driver is initialized
09:28:46.952 [main] INFO  DollarDays - Opening the chrome browser and Navigating to Home page of Dollardays
09:28:50.032 [main] INFO  DollarDays - Navigated to Homepage of  Dollardays 
09:28:50.032 [main] INFO  DollarDays - Deleting cookies
09:28:50.279 [main] INFO  DollarDays - Maximize browser window 
09:28:50.522 [main] INFO  DollarDays - Logging into Dollardays Website .
09:28:50.524 [main] DEBUG DollarDays - Navigating to Login Page.
09:28:53.343 [main] DEBUG DollarDays - Clearing and Entering UserEmail and Password
09:28:53.846 [main] DEBUG DollarDays - Clicking Sign in Button
09:29:22.008 [main] INFO  DollarDays - Logging into Dollardays Website .
09:29:22.009 [main] DEBUG DollarDays - Navigating to Login Page.
09:29:24.510 [main] DEBUG DollarDays - Clearing and Entering UserEmail and Password
09:29:24.948 [main] DEBUG DollarDays - Clicking Sign in Button
09:30:30.767 [main] WARN  DollarDays - NoSuchElementException  Proxy element for: DefaultElementLocator 'By.xpath: //*[@id='aspnetForm']/div[5]/div[1]/section/div/div[3]/div/div[2]/div/section/div[1]/div[2]/div/div/ul/li[1]/a' This WebElement is not present/displayed. 
09:31:30.970 [main] WARN  DollarDays - NoSuchElementException  Proxy element for: DefaultElementLocator 'By.xpath: //*[@id="aspnetForm"]/div[5]/div[1]/section/div/div[3]/div/div[2]/div/section/div[1]/div[2]/div/div/ul/li[3]/a' This WebElement is not present/displayed. 
09:32:31.104 [main] WARN  DollarDays - NoSuchElementException  Proxy element for: DefaultElementLocator 'By.xpath: //*[@id="aspnetForm"]/div[5]/div[1]/section/div/div[3]/div/div[2]/div/section/div[1]/div[2]/div/div[1]/i' This WebElement is not present/displayed. 
09:33:31.247 [main] WARN  DollarDays - NoSuchElementException  Proxy element for: DefaultElementLocator 'By.xpath: //*[@id='aspnetForm']/div[5]/div[1]/section/div/div[3]/div/div[2]/div/section/div[1]/div[2]/div/p' This WebElement is not present/displayed. 
09:34:32.975 [main] WARN  DollarDays - NoSuchElementException  Proxy element for: DefaultElementLocator 'By.xpath: //*[@id="aspnetForm"]/div[5]/div[1]/section/div/div[3]/div/div[2]/div/section/div[1]/div[2]/div/div/ul/li[2]/a' This WebElement is not present/displayed. 
09:35:53.249 [main] WARN  DollarDays - NoSuchElementException  Proxy element for: DefaultElementLocator 'By.xpath: //*[@id="aspnetForm"]/div[5]/div[1]/section/div/div[3]/div/div[2]/div/section/div[1]/div[2]/div/div/ul/li[2]/a' This WebElement is not present/displayed. 
09:36:27.202 [main] INFO  DollarDays - WebPage is closed
09:38:53.074 [main] INFO  DollarDays - Chrome Driver is initialized
09:38:53.081 [main] INFO  DollarDays - Opening the chrome browser and Navigating to Home page of Dollardays
09:38:56.202 [main] INFO  DollarDays - Navigated to Homepage of  Dollardays 
09:38:56.202 [main] INFO  DollarDays - Deleting cookies
09:38:56.469 [main] INFO  DollarDays - Maximize browser window 
09:38:56.721 [main] INFO  DollarDays - Logging into Dollardays Website .
09:38:56.724 [main] DEBUG DollarDays - Navigating to Login Page.
09:38:59.930 [main] DEBUG DollarDays - Clearing and Entering UserEmail and Password
09:39:00.375 [main] DEBUG DollarDays - Clicking Sign in Button
09:39:25.357 [main] INFO  DollarDays - Logging into Dollardays Website .
09:39:25.358 [main] DEBUG DollarDays - Navigating to Login Page.
09:39:28.374 [main] DEBUG DollarDays - Clearing and Entering UserEmail and Password
09:39:28.793 [main] DEBUG DollarDays - Clicking Sign in Button
09:40:24.933 [main] INFO  DollarDays - Chrome Driver is initialized
09:40:24.939 [main] INFO  DollarDays - Opening the chrome browser and Navigating to Home page of Dollardays
09:40:27.988 [main] INFO  DollarDays - Navigated to Homepage of  Dollardays 
09:40:27.988 [main] INFO  DollarDays - Deleting cookies
09:40:28.238 [main] INFO  DollarDays - Maximize browser window 
09:40:28.559 [main] INFO  DollarDays - Logging into Dollardays Website .
09:40:28.561 [main] DEBUG DollarDays - Navigating to Login Page.
09:40:32.336 [main] DEBUG DollarDays - Clearing and Entering UserEmail and Password
09:40:32.855 [main] DEBUG DollarDays - Clicking Sign in Button
09:40:34.352 [main] WARN  DollarDays - NoSuchElementException  Proxy element for: DefaultElementLocator 'By.xpath: //*[@id='aspnetForm']/div[5]/div[1]/section/div/div[3]/div/div[2]/div/section/div[1]/div[2]/div/div/ul/li[1]/a' This WebElement is not present/displayed. 
09:41:05.599 [main] INFO  DollarDays - Logging into Dollardays Website .
09:41:05.600 [main] DEBUG DollarDays - Navigating to Login Page.
