08:50:21.143 [main] DEBUG DollarDays - [Alabama, Alaska, Arizona, Arkansas, California, Colorado, Connecticut, Delaware, District of Columbia, Florida, Georgia, Hawaii, Idaho, Illinois, Indiana, Iowa, Kansas, Kentucky, Louisiana, Maine, Maryland, Massachusetts, Michigan, Minnesota, Mississippi, Missouri, Montana, Nebraska, Nevada, New Hampshire, New Jersey, New Mexico, New York, North Carolina, North Dakota, Ohio, Oklahoma, Oregon, Pennsylvania, Rhode Island, South Carolina, South Dakota, Tennessee, Texas, Utah, Vermont, Virginia, Washington, West Virginia, Wisconsin, Wyoming]expstateslist is displayed
08:50:21.152 [main] INFO  DollarDays - States List is  displayed as expected
08:50:23.027 [main] INFO  DollarDays - Alert is displayed for companyname for receiving type Commercial shipments with shipping dock:"+companyNameAlert
08:50:24.925 [main] INFO  DollarDays - Alert is displayed for companyname for receiving type Commercial shipments without shipping dock:Company name/Organization name is required for commercial shipments
08:50:28.065 [main] INFO  DollarDays - Alert is displayed for empty mandatory fields
08:50:28.065 [main] INFO  DollarDays - Given name / first name (Required) is displayed for empty firstname
08:50:28.066 [main] INFO  DollarDays - Surname / last name / family name (Required) is displayed for empty lastname
08:50:28.066 [main] INFO  DollarDays - Address (Required) is displayed for empty streetaddress
08:50:28.066 [main] INFO  DollarDays - Country (Required)is displayed for empty country
08:50:28.066 [main] INFO  DollarDays - City (Required) is displayed for empty city
08:50:28.066 [main] INFO  DollarDays - This field is required. is displayed for empty State
08:50:28.066 [main] INFO  DollarDays - Phone Number (Required) is displayed for empty phoneno
08:50:28.066 [main] INFO  DollarDays - Zip code (Required)is displayed for empty zipcode
08:50:28.390 [main] DEBUG DollarDays - Firstname textbox contains22characters
08:50:28.390 [main] INFO  DollarDays - Firstname textbox is accepting up to max 26 characters
08:50:28.873 [main] DEBUG DollarDays - Lasttname textbox contains19characters
08:50:28.873 [main] INFO  DollarDays - Lasttname textbox is accepting up to max 26 characters
08:50:30.686 [main] DEBUG DollarDays - StreetAddress entered is:333b,Andover-dr
08:50:30.687 [main] INFO  DollarDays - StreetAddress textbox is accepting both alphanumeric and specialchracters
08:50:32.407 [main] DEBUG DollarDays - Apartment entered is:bldg@331
08:50:32.407 [main] INFO  DollarDays - Apt textbox is accepting both alphanumeric and specialchracters
08:50:33.643 [main] INFO  DollarDays - WebPage is closed
