18:05:20.728 [main] WARN  DollarDays - NoSuchElementException  Proxy element for: DefaultElementLocator 'By.xpath: //*[@id="aspnetForm"]/div[5]/div[1]/section/div/div[3]/div/div[2]/div/section/div[1]/div[2]/div/div/ul/li[2]/a' This WebElement is not present/displayed. 
18:05:48.834 [main] WARN  DollarDays - NoSuchElementException  Proxy element for: DefaultElementLocator 'By.xpath: //*[@id='aspnetForm']/header/div[2]/div/div/div[3]/div/ul/li[1]/a/span' This WebElement is not present/displayed. 
18:05:57.843 [main] INFO  DollarDays - WebPage is closed
18:06:49.023 [main] WARN  DollarDays - NoSuchElementException  Proxy element for: DefaultElementLocator 'By.linkText: Address Book' This WebElement is not present/displayed. 
18:07:49.116 [main] WARN  DollarDays - NoSuchElementException  Proxy element for: DefaultElementLocator 'By.xpath: /html/body/form/footer/div[2]/div/p/input' This WebElement is not present/displayed. 
18:08:49.277 [main] WARN  DollarDays - NoSuchElementException  Proxy element for: DefaultElementLocator 'By.xpath: /html/body/form/div[5]/div[1]/section/div/div[1]/h2[1]' This WebElement is not present/displayed. 
18:09:47.947 [main] WARN  DollarDays - NoSuchElementException  Proxy element for: DefaultElementLocator 'By.xpath: /html/body/form/div[5]/div[1]/section/div/div[2]/h2' This WebElement is not present/displayed. 
18:10:08.034 [main] WARN  DollarDays - Web Element List is empty or doesnot exist in this page.So could not fetch the text values 
18:10:28.467 [main] WARN  DollarDays - Web Element List is empty or doesnot exist in this page.So could not fetch the text values 
18:10:28.476 [main] INFO  DollarDays - Logging into Dollardays Website .
18:10:28.477 [main] DEBUG DollarDays - Navigating to Login Page.
18:11:28.628 [main] WARN  DollarDays - NoSuchElementException  Proxy element for: DefaultElementLocator 'By.xpath: //span[text()='Sign in']' This WebElement is not present/displayed. 
18:12:28.814 [main] WARN  DollarDays - NoSuchElementException  Proxy element for: DefaultElementLocator 'By.linkText: Sign In' This WebElement is not present/displayed. 
18:12:29.084 [main] DEBUG DollarDays - Clearing and Entering UserEmail and Password
18:13:29.225 [main] WARN  DollarDays - NoSuchElementException  Proxy element for: DefaultElementLocator 'By.id: inputLoginUsername' This WebElement is not present/displayed. 
18:14:29.349 [main] WARN  DollarDays - NoSuchElementException  Proxy element for: DefaultElementLocator 'By.id: inputLoginPassword' This WebElement is not present/displayed. 
18:14:29.349 [main] DEBUG DollarDays - Clicking Sign in Button
18:15:29.510 [main] WARN  DollarDays - NoSuchElementException  Proxy element for: DefaultElementLocator 'By.xpath: //*[@id="aspnetForm"]/div[5]/div/div/div/div[2]/div/div[1]/div/div/div[4]/button' This WebElement is not present/displayed. 
18:15:55.976 [main] INFO  DollarDays - Chrome Driver is initialized
18:15:55.981 [main] INFO  DollarDays - Opening the chrome browser and Navigating to Home page of Dollardays
18:15:59.515 [main] INFO  DollarDays - Navigated to Homepage of  Dollardays 
18:15:59.515 [main] INFO  DollarDays - Deleting cookies
18:15:59.794 [main] INFO  DollarDays - Maximize browser window 
18:16:00.171 [main] INFO  DollarDays - Logging into Dollardays Website .
18:16:00.172 [main] DEBUG DollarDays - Navigating to Login Page.
18:16:03.642 [main] DEBUG DollarDays - Clearing and Entering UserEmail and Password
18:16:04.067 [main] DEBUG DollarDays - Clicking Sign in Button
18:16:30.993 [main] INFO  DollarDays - Logging into Dollardays Website .
18:16:30.995 [main] DEBUG DollarDays - Navigating to Login Page.
18:16:33.644 [main] DEBUG DollarDays - Clearing and Entering UserEmail and Password
18:16:34.059 [main] DEBUG DollarDays - Clicking Sign in Button
18:17:39.046 [main] WARN  DollarDays - NoSuchElementException  Proxy element for: DefaultElementLocator 'By.xpath: //*[@id='aspnetForm']/div[5]/div[1]/section/div/div[3]/div/div[2]/div/section/div[1]/div[2]/div/div/ul/li[1]/a' This WebElement is not present/displayed. 
18:18:39.245 [main] WARN  DollarDays - NoSuchElementException  Proxy element for: DefaultElementLocator 'By.xpath: //*[@id="aspnetForm"]/div[5]/div[1]/section/div/div[3]/div/div[2]/div/section/div[1]/div[2]/div/div/ul/li[3]/a' This WebElement is not present/displayed. 
18:19:39.359 [main] WARN  DollarDays - NoSuchElementException  Proxy element for: DefaultElementLocator 'By.xpath: //*[@id="aspnetForm"]/div[5]/div[1]/section/div/div[3]/div/div[2]/div/section/div[1]/div[2]/div/div[1]/i' This WebElement is not present/displayed. 
18:20:39.515 [main] WARN  DollarDays - NoSuchElementException  Proxy element for: DefaultElementLocator 'By.xpath: //*[@id='aspnetForm']/div[5]/div[1]/section/div/div[3]/div/div[2]/div/section/div[1]/div[2]/div/p' This WebElement is not present/displayed. 
18:21:41.183 [main] WARN  DollarDays - NoSuchElementException  Proxy element for: DefaultElementLocator 'By.xpath: //*[@id="aspnetForm"]/div[5]/div[1]/section/div/div[3]/div/div[2]/div/section/div[1]/div[2]/div/div/ul/li[2]/a' This WebElement is not present/displayed. 
