15:21:11.711 [main] WARN  DollarDays - NoSuchElementException  Proxy element for: DefaultElementLocator 'By.xpath: //*[@id='confirmationBox']/div/div' This WebElement is not present/displayed. 
15:21:13.441 [main] WARN  DollarDays - NoSuchElementException  Proxy element for: DefaultElementLocator 'By.xpath: //*[@id="aspnetForm"]/div[5]/div[1]/section/div/div[3]/div/div[2]/div/section/div[1]/div[2]/div/div/ul/li[2]/a' This WebElement is not present/displayed. 
15:21:58.812 [main] WARN  DollarDays - NoSuchElementException  Proxy element for: DefaultElementLocator 'By.xpath: //*[@id="aspnetForm"]/div[5]/div[1]/section/div/div[3]/div/div[2]/div/section/div[1]/div[2]/div/div/ul/li[3]/a' This WebElement is not present/displayed. 
15:22:58.888 [main] WARN  DollarDays - NoSuchElementException  Proxy element for: DefaultElementLocator 'By.xpath: //*[@id="aspnetForm"]/div[5]/div[1]/section/div/div[3]/div/div[2]/div/section/div[1]/div[2]/div/div[1]/i' This WebElement is not present/displayed. 
15:23:58.969 [main] WARN  DollarDays - NoSuchElementException  Proxy element for: DefaultElementLocator 'By.xpath: //*[@id='aspnetForm']/div[5]/div[1]/section/div/div[3]/div/div[2]/div/section/div[1]/div[2]/div/p' This WebElement is not present/displayed. 
15:24:30.845 [main] INFO  DollarDays - Firefox Driver is initialized
15:24:30.849 [main] INFO  DollarDays - Opening the firefox browser and Navigating to Home page of Dollardays
15:24:35.456 [main] INFO  DollarDays - Navigated to Homepage of  Dollardays 
15:24:35.456 [main] INFO  DollarDays - Deleting cookies
15:24:35.511 [main] INFO  DollarDays - Maximize browser window 
15:24:35.632 [main] INFO  DollarDays - Logging into Dollardays Website .
15:24:35.634 [main] DEBUG DollarDays - Navigating to Login Page.
15:24:41.831 [main] DEBUG DollarDays - Clearing and Entering UserEmail and Password
15:24:42.314 [main] DEBUG DollarDays - Clicking Sign in Button
15:25:00.523 [main] WARN  DollarDays - NoSuchElementException  Proxy element for: DefaultElementLocator 'By.xpath: //*[@id="aspnetForm"]/div[5]/div[1]/section/div/div[3]/div/div[2]/div/section/div[1]/div[2]/div/div/ul/li[2]/a' This WebElement is not present/displayed. 
15:25:56.084 [main] WARN  DollarDays - NoSuchElementException  Proxy element for: DefaultElementLocator 'By.xpath: //*[@id='aspnetForm']/div[5]/div[1]/section/div/div[3]/div/div[2]/div/section/div[1]/div[2]/div/div/ul/li[1]/a' This WebElement is not present/displayed. 
15:26:00.890 [main] WARN  DollarDays - NoSuchElementException  Proxy element for: DefaultElementLocator 'By.xpath: //*[@id="aspnetForm"]/div[5]/div[1]/section/div/div[3]/div/div[2]/div/section/div[1]/div[2]/div/div/ul/li[2]/a' This WebElement is not present/displayed. 
15:26:21.848 [main] INFO  DollarDays - WebPage is closed
15:26:56.508 [main] WARN  DollarDays - NoSuchElementException  Proxy element for: DefaultElementLocator 'By.xpath: //*[@id="aspnetForm"]/div[5]/div[1]/section/div/div[3]/div/div[2]/div/section/div[1]/div[2]/div/div/ul/li[3]/a' This WebElement is not present/displayed. 
15:27:56.593 [main] WARN  DollarDays - NoSuchElementException  Proxy element for: DefaultElementLocator 'By.xpath: //*[@id="aspnetForm"]/div[5]/div[1]/section/div/div[3]/div/div[2]/div/section/div[1]/div[2]/div/div[1]/i' This WebElement is not present/displayed. 
15:28:56.687 [main] WARN  DollarDays - NoSuchElementException  Proxy element for: DefaultElementLocator 'By.xpath: //*[@id='aspnetForm']/div[5]/div[1]/section/div/div[3]/div/div[2]/div/section/div[1]/div[2]/div/p' This WebElement is not present/displayed. 
15:29:58.292 [main] WARN  DollarDays - NoSuchElementException  Proxy element for: DefaultElementLocator 'By.xpath: //*[@id="aspnetForm"]/div[5]/div[1]/section/div/div[3]/div/div[2]/div/section/div[1]/div[2]/div/div/ul/li[2]/a' This WebElement is not present/displayed. 
15:30:32.024 [main] INFO  DollarDays - Firefox Driver is initialized
15:30:32.031 [main] INFO  DollarDays - Opening the firefox browser and Navigating to Home page of Dollardays
15:30:36.865 [main] INFO  DollarDays - Navigated to Homepage of  Dollardays 
15:30:36.865 [main] INFO  DollarDays - Deleting cookies
15:30:36.908 [main] INFO  DollarDays - Maximize browser window 
15:30:37.029 [main] INFO  DollarDays - Logging into Dollardays Website .
15:30:37.035 [main] DEBUG DollarDays - Navigating to Login Page.
15:30:46.319 [main] DEBUG DollarDays - Clearing and Entering UserEmail and Password
15:30:46.874 [main] DEBUG DollarDays - Clicking Sign in Button
15:30:58.620 [main] WARN  DollarDays - NoSuchElementException  Proxy element for: DefaultElementLocator 'By.xpath: //*[@id="aspnetForm"]/div[5]/div[1]/section/div/div[3]/div/div[2]/div/section/div[1]/div[2]/div/div/ul/li[2]/a' This WebElement is not present/displayed. 
15:31:18.643 [main] INFO  DollarDays - WebPage is closed
15:31:58.890 [main] WARN  DollarDays - NoSuchElementException  Proxy element for: DefaultElementLocator 'By.xpath: //*[@id='aspnetForm']/div[5]/div[1]/section/div/div[3]/div/div[2]/div/section/div[1]/div[2]/div/div/ul/li[1]/a' This WebElement is not present/displayed. 
