20:32:29.868 [main] INFO  DollarDays - Navigated to Homepage of  Dollardays 
20:32:29.878 [main] INFO  DollarDays - Deleting cookies
20:32:29.908 [main] INFO  DollarDays - Maximize browser window 
20:32:30.017 [main] INFO  DollarDays - Logging into Dollardays Website .
20:32:30.017 [main] DEBUG DollarDays - Navigating to Login Page.
20:32:41.431 [main] DEBUG DollarDays - Clearing and Entering UserEmail and Password
20:32:41.919 [main] DEBUG DollarDays - Clicking Sign in Button
20:32:49.056 [main] INFO  DollarDays - Verified AddressBookPage Title successfully.
20:32:49.105 [main] INFO  DollarDays - Verified AddressBookPage Heading successfully.
20:32:49.156 [main] INFO  DollarDays - AddShipToAddress link is displayed
20:32:49.303 [main] DEBUG DollarDays - The actual AddressBookPageLeftPanelaccount links are:
[Account Overview, My Profile, My Address Book, My Wallet, Tax Exempt, My Favorites, Order History, Log Out]
20:32:49.757 [main] DEBUG DollarDays - The expected list is:
[Account Overview, My Profile, My Address Book, My Wallet, Tax Exempt, My Favorites, Order History, Log Out]
20:32:49.757 [main] INFO  DollarDays - AddressBookLeftPaneLinkTexts are getting displayed as expected
20:32:50.743 [main] INFO  DollarDays - Country  is   verified as a DropdownList successfully.
20:32:53.378 [main] INFO  DollarDays - United States of America is selected from dropdownlist by default
20:32:54.111 [main] INFO  DollarDays - States List is  displayed as expected
20:32:55.262 [main] INFO  DollarDays - WebPage is closed
20:37:24.615 [main] INFO  DollarDays - Firefox Driver is initialized
20:37:24.631 [main] INFO  DollarDays - Opening the firefox browser and Navigating to Home page of Dollardays
20:37:27.980 [main] INFO  DollarDays - Navigated to Homepage of  Dollardays 
20:37:27.980 [main] INFO  DollarDays - Deleting cookies
20:37:27.995 [main] INFO  DollarDays - Maximize browser window 
20:37:28.086 [main] INFO  DollarDays - Logging into Dollardays Website .
20:37:28.086 [main] DEBUG DollarDays - Navigating to Login Page.
20:37:32.492 [main] DEBUG DollarDays - Clearing and Entering UserEmail and Password
20:37:32.960 [main] DEBUG DollarDays - Clicking Sign in Button
20:37:39.304 [main] INFO  DollarDays - Verified AddressBookPage Title successfully.
20:37:39.467 [main] INFO  DollarDays - Verified AddressBookPage Heading successfully.
20:37:39.525 [main] INFO  DollarDays - AddShipToAddress link is displayed
20:37:39.636 [main] DEBUG DollarDays - The actual AddressBookPageLeftPanelaccount links are:
[Account Overview, My Profile, My Address Book, My Wallet, Tax Exempt, My Favorites, Order History, Log Out]
20:37:40.106 [main] DEBUG DollarDays - The expected list is:
[Account Overview, My Profile, My Address Book, My Wallet, Tax Exempt, My Favorites, Order History, Log Out]
20:37:40.106 [main] INFO  DollarDays - AddressBookLeftPaneLinkTexts are getting displayed as expected
20:37:41.394 [main] INFO  DollarDays - Account Overview link url verified successfully.
20:37:44.663 [main] INFO  DollarDays - My Profile link url verified successfully.
20:37:47.708 [main] INFO  DollarDays - My Address Book link url verified successfully.
20:37:49.074 [main] INFO  DollarDays - My Wallet link url verified successfully.
20:37:52.203 [main] INFO  DollarDays - Tax Exempt link url verified successfully.
20:37:54.509 [main] INFO  DollarDays - My Favorites link url verified successfully.
20:37:57.515 [main] INFO  DollarDays - Order History link url verified successfully.
20:38:00.522 [main] INFO  DollarDays - User is able to log out successfully
20:38:00.536 [main] INFO  DollarDays - Logging into Dollardays Website .
20:38:00.537 [main] DEBUG DollarDays - Navigating to Login Page.
20:38:04.648 [main] DEBUG DollarDays - Clearing and Entering UserEmail and Password
20:38:05.096 [main] DEBUG DollarDays - Clicking Sign in Button
20:38:20.946 [main] INFO  DollarDays - New Address is added succesfully on clicking NewShipToAddressLink
20:38:28.675 [main] INFO  DollarDays - Added Address is  edited succesfully
20:38:31.667 [main] INFO  DollarDays - Address is set as default in AddressBook Page
20:38:32.785 [main] INFO  DollarDays - Address is not saved in Account overview page correctly
20:38:36.524 [main] INFO  DollarDays - Address is not deleted on clicking no button in confirmation box
20:39:38.399 [main] WARN  DollarDays - NoSuchElementException  Proxy element for: DefaultElementLocator 'By.xpath: //*[@id="aspnetForm"]/div[5]/div[1]/section/div/div[3]/div/div[2]/div/section/div[1]/div[2]' This WebElement is not present/displayed. 
20:39:38.399 [main] INFO  DollarDays - DeleteLinkYesBtn is verified successfully.
20:39:39.331 [main] INFO  DollarDays - Country  is   verified as a DropdownList successfully.
20:39:41.970 [main] INFO  DollarDays - United States of America is selected from dropdownlist by default
20:39:42.656 [main] INFO  DollarDays - States List is  displayed as expected
20:39:44.559 [main] INFO  DollarDays - Alert is displayed for companyname for receiving type Commercial shipments with shipping dock:"+companyNameAlert
