15:41:27.162 [TestNG-tests-4] INFO  DollarDays - Address is set as default in AddressBook Page
15:41:28.743 [TestNG-tests-4] INFO  DollarDays - Address is not saved in Account overview page correctly
15:41:30.751 [TestNG-tests-4] ERROR DollarDays - TC_verifySetAsDefaultLink test failed.  java.lang.AssertionError: expected [true] but found [false]
15:41:31.089 [TestNG-tests-4] INFO  DollarDays - TC_verifyDeleteLinkNoBtn Test is starting. TestCase verifies saved Address is not deleted in AddressBook Page with Confirmation NO button
15:41:33.469 [TestNG-tests-4] INFO  DollarDays - Address is not deleted on clicking no button in confirmation box
15:41:33.469 [TestNG-tests-4] INFO  DollarDays - TC_verifyDeleteLinkNoBtn Test is passed
15:41:33.730 [TestNG-tests-4] INFO  DollarDays - TC_verifyDeleteLinkYesBtn Test is starting. TestCase verifies saved Address is deleted in AddressBook Page with Confirmation YES button
15:42:24.319 [TestNG-tests-3] WARN  DollarDays - NoSuchElementException  Proxy element for: DefaultElementLocator 'By.id: inputLoginUsername' This WebElement is not present/displayed. 
15:42:35.508 [TestNG-tests-4] WARN  DollarDays - NoSuchElementException  Proxy element for: DefaultElementLocator 'By.xpath: //*[@id="aspnetForm"]/div[5]/div[1]/section/div/div[3]/div/div[2]/div/section/div[1]/div[2]' This WebElement is not present/displayed. 
15:42:35.508 [TestNG-tests-4] INFO  DollarDays - DeleteLinkYesBtn is verified successfully.
15:42:35.508 [TestNG-tests-4] INFO  DollarDays - TC_verifyDeleteLinkYesBtn Test is passed
15:42:35.758 [TestNG-tests-4] INFO  DollarDays - TC_verifyCountryDropdownIsAList Test is starting. TestCase verifies Country is a dropdownlist
15:42:36.745 [TestNG-tests-4] INFO  DollarDays - Country  is   verified as a DropdownList successfully.
15:42:37.752 [TestNG-tests-4] INFO  DollarDays - TC_verifyCountryDropdownIsAList Test is passed
15:42:38.028 [TestNG-tests-4] INFO  DollarDays - TC_verifyCountryDropdownDefaultValue Test is starting. TestCase verifies Country's default value is United States of America.
15:42:39.662 [TestNG-tests-4] INFO  DollarDays - United States of America is selected from dropdownlist by default
15:42:39.664 [TestNG-tests-4] INFO  DollarDays - TC_verifyCountryDropdownDefaultValue Test is passed
15:42:39.923 [TestNG-tests-4] INFO  DollarDays - TC_verifyStateDropdownOptions Test is starting. TestCase verifies State contains a dropdownlist and displays all the state options correctly.
15:42:40.634 [TestNG-tests-4] INFO  DollarDays - States List is  displayed as expected
15:42:40.637 [TestNG-tests-4] INFO  DollarDays - TC_verifyStateDropdownOptions Test is passed
15:42:40.899 [TestNG-tests-4] INFO  DollarDays - TC_verifyReceivTypeWithShippingDock Test is starting. TestCase verifies Company Name displays alert for commercial with shipping docks.
15:42:42.763 [TestNG-tests-4] INFO  DollarDays - Alert is displayed for companyname for receiving type Commercial shipments with shipping dock:"+companyNameAlert
15:42:42.764 [TestNG-tests-4] INFO  DollarDays - TC_verifyReceivTypeWithShippingDock Test is passed
15:42:43.020 [TestNG-tests-4] INFO  DollarDays - TC_verifyReceivTypeWithoutShippingDock Test is starting. TestCase verifies Company Name displays alert for  commercial  without shipping docks.
15:42:44.922 [TestNG-tests-4] INFO  DollarDays - Alert is displayed for companyname for receiving type Commercial shipments without shipping dock:Company name/Organization name is required for commercial shipments
15:42:44.923 [TestNG-tests-4] INFO  DollarDays - TC_verifyReceivTypeWithoutShippingDock Test is passed
15:42:45.182 [TestNG-tests-4] INFO  DollarDays - TC_verifyMandatoryFieldsAlertMsgDisplay Test is starting. TestCase verifies display of alert for mandatory textboxes.
15:42:48.370 [TestNG-tests-4] INFO  DollarDays - Alert is displayed for empty mandatory fields
15:42:48.370 [TestNG-tests-4] INFO  DollarDays - Given name / first name (Required) is displayed for empty firstname
15:42:48.370 [TestNG-tests-4] INFO  DollarDays - Surname / last name / family name (Required) is displayed for empty lastname
15:42:48.370 [TestNG-tests-4] INFO  DollarDays - Address (Required) is displayed for empty streetaddress
15:42:48.370 [TestNG-tests-4] INFO  DollarDays - Country (Required)is displayed for empty country
15:42:48.371 [TestNG-tests-4] INFO  DollarDays - City (Required) is displayed for empty city
15:42:48.371 [TestNG-tests-4] INFO  DollarDays - This field is required. is displayed for empty State
15:42:48.371 [TestNG-tests-4] INFO  DollarDays - Phone Number (Required) is displayed for empty phoneno
15:42:48.371 [TestNG-tests-4] INFO  DollarDays - Zip code (Required)is displayed for empty zipcode
15:42:48.372 [TestNG-tests-4] INFO  DollarDays - TC_verifyMandatoryFieldsAlertMsgDisplay Test is passed
15:42:48.629 [TestNG-tests-4] INFO  DollarDays - TC_verifyFirstNameTextboxMaxLength Test is starting. TestCase verifies FirstName textbox accepts characters until maxlength defined
