12:23:20.704 [main] INFO  DollarDays - Tax Exempt link url verified successfully.
12:23:24.064 [main] INFO  DollarDays - My Favorites link url verified successfully.
12:23:26.912 [main] INFO  DollarDays - Order History link url verified successfully.
12:23:30.316 [main] INFO  DollarDays - User is able to log out successfully
12:23:30.316 [main] INFO  DollarDays - Logging into Dollardays Website .
12:23:30.321 [main] DEBUG DollarDays - Navigating to Login Page.
12:23:34.951 [main] DEBUG DollarDays - Clearing and Entering UserEmail and Password
12:23:35.654 [main] DEBUG DollarDays - Clicking Sign in Button
12:23:51.361 [main] INFO  DollarDays - New Address is added succesfully on clicking NewShipToAddressLink
12:23:58.641 [main] INFO  DollarDays - Added Address is  edited succesfully
12:24:01.178 [main] INFO  DollarDays - Address is set as default in AddressBook Page
12:24:03.204 [main] DEBUG DollarDays - Name fetched from AccountOverviewPage is :[Priya, lathaAmazon]
12:24:03.240 [main] DEBUG DollarDays - Name fetched from excel is :[Sushmitha, sen7hills]
12:24:03.339 [main] DEBUG DollarDays - Address in Account overview page is: [100, 23001 Glenoaks Rd, Burbank, CA 91504]
12:24:03.383 [main] DEBUG DollarDays - Name fetched from excel is :[110, 25501 Shaker Blvd, Beachwood, OH 44122]
12:24:03.383 [main] INFO  DollarDays - Name and Address is not saved in Account overview page correctly
12:24:07.835 [main] INFO  DollarDays - Address is not deleted on clicking no button in confirmation box
12:25:09.758 [main] WARN  DollarDays - NoSuchElementException  Proxy element for: DefaultElementLocator 'By.xpath: //*[@id="aspnetForm"]/div[5]/div[1]/section/div/div[3]/div/div[2]/div/section/div[1]/div[2]' This WebElement is not present/displayed. 
12:25:09.758 [main] INFO  DollarDays - DeleteLinkYesBtn is verified successfully.
12:25:10.739 [main] INFO  DollarDays - Country  is   verified as a DropdownList successfully.
12:25:13.383 [main] INFO  DollarDays - United States of America is selected from dropdownlist by default
12:25:14.099 [main] DEBUG DollarDays - [Alabama, Alaska, Arizona, Arkansas, California, Colorado, Connecticut, Delaware, District of Columbia, Florida, Georgia, Hawaii, Idaho, Illinois, Indiana, Iowa, Kansas, Kentucky, Louisiana, Maine, Maryland, Massachusetts, Michigan, Minnesota, Mississippi, Missouri, Montana, Nebraska, Nevada, New Hampshire, New Jersey, New Mexico, New York, North Carolina, North Dakota, Ohio, Oklahoma, Oregon, Pennsylvania, Rhode Island, South Carolina, South Dakota, Tennessee, Texas, Utah, Vermont, Virginia, Washington, West Virginia, Wisconsin, Wyoming]expstateslist is displayed
12:25:14.099 [main] INFO  DollarDays - States List is  displayed as expected
12:25:16.000 [main] INFO  DollarDays - Alert is displayed for companyname for receiving type Commercial shipments with shipping dock:"+companyNameAlert
12:25:17.897 [main] INFO  DollarDays - Alert is displayed for companyname for receiving type Commercial shipments without shipping dock:Company name/Organization name is required for commercial shipments
12:25:20.995 [main] INFO  DollarDays - Alert is displayed for empty mandatory fields
12:25:20.995 [main] INFO  DollarDays - Given name / first name (Required) is displayed for empty firstname
12:25:21.002 [main] INFO  DollarDays - Surname / last name / family name (Required) is displayed for empty lastname
12:25:21.002 [main] INFO  DollarDays - Address (Required) is displayed for empty streetaddress
12:25:21.002 [main] INFO  DollarDays - Country (Required)is displayed for empty country
12:25:21.002 [main] INFO  DollarDays - City (Required) is displayed for empty city
12:25:21.002 [main] INFO  DollarDays - This field is required. is displayed for empty State
12:25:21.002 [main] INFO  DollarDays - Phone Number (Required) is displayed for empty phoneno
12:25:21.002 [main] INFO  DollarDays - Zip code (Required)is displayed for empty zipcode
12:25:21.334 [main] DEBUG DollarDays - Firstname textbox contains22characters
12:25:21.334 [main] INFO  DollarDays - Firstname textbox is accepting up to max 26 characters
12:25:21.797 [main] DEBUG DollarDays - Lasttname textbox contains19characters
12:25:21.797 [main] INFO  DollarDays - Lasttname textbox is accepting up to max 26 characters
12:25:23.581 [main] DEBUG DollarDays - StreetAddress entered is:333b,Andover-dr
12:25:23.584 [main] INFO  DollarDays - StreetAddress textbox is accepting both alphanumeric and specialchracters
12:25:25.322 [main] DEBUG DollarDays - Apartment entered is:bldg@331
12:25:25.322 [main] INFO  DollarDays - Apt textbox is accepting both alphanumeric and specialchracters
12:25:26.587 [main] INFO  DollarDays - WebPage is closed
15:26:53.257 [main] INFO  DollarDays - Firefox Driver is initialized
15:26:53.264 [main] INFO  DollarDays - Opening the firefox browser and Navigating to Home page of Dollardays
15:26:59.287 [main] INFO  DollarDays - Navigated to Homepage of  Dollardays 
