15:40:00.962 [TestNG-tests-2] INFO  DollarDays - WebPage is closed
15:40:02.502 [TestNG-tests-4] INFO  DollarDays - My Profile link url verified successfully.
15:40:02.503 [TestNG-tests-4] INFO  DollarDays - TC_verifyAddressBookLinksNavigations Test is passed
15:40:03.142 [TestNG-tests-4] INFO  DollarDays - TC_verifyAddressBookLinksNavigations Test is starting. TestCase verifies AddressBook LeftPanel Links are navigating correctly.
15:40:05.896 [TestNG-tests-4] INFO  DollarDays - My Address Book link url verified successfully.
15:40:05.897 [TestNG-tests-4] INFO  DollarDays - TC_verifyAddressBookLinksNavigations Test is passed
15:40:06.527 [TestNG-tests-4] INFO  DollarDays - TC_verifyAddressBookLinksNavigations Test is starting. TestCase verifies AddressBook LeftPanel Links are navigating correctly.
15:40:14.236 [TestNG-tests-3] ERROR DollarDays - NoSuchElementException  Proxy element for: DefaultElementLocator 'By.xpath: //*[@id="aspnetForm"]/div[5]/div/div/div/div[2]/div/div[1]/div/div/div[4]/button' This WebElement is not clickable. 
15:40:14.251 [TestNG-tests-3] INFO  DollarDays - Checking if user has signed in to dollardays WebPage
15:40:14.721 [TestNG-tests-3] INFO  DollarDays - User is not Signed in
15:40:14.723 [TestNG-tests-3] ERROR DollarDays - TC_loginDDT test failed.  java.lang.AssertionError: Could not sign in to DollarDays with valid user user123@gmail.com and valid password pwd2. TestCase Failed. expected [true] but found [false]
15:40:15.204 [TestNG-tests-4] INFO  DollarDays - My Wallet link url verified successfully.
15:40:15.205 [TestNG-tests-4] INFO  DollarDays - TC_verifyAddressBookLinksNavigations Test is passed
15:40:15.757 [TestNG-tests-4] INFO  DollarDays - TC_verifyAddressBookLinksNavigations Test is starting. TestCase verifies AddressBook LeftPanel Links are navigating correctly.
15:40:16.377 [TestNG-tests-3] INFO  DollarDays - TC_loginDDT Test is starting. This Testcase checks for logging in functionality using valid and invalid username/password combinations
15:40:16.397 [TestNG-tests-3] DEBUG DollarDays - Clicking  SigninIcon and then SignIn option from the DropDown List to navigate to Login Page
15:40:19.785 [TestNG-tests-4] INFO  DollarDays - Tax Exempt link url verified successfully.
15:40:19.786 [TestNG-tests-4] INFO  DollarDays - TC_verifyAddressBookLinksNavigations Test is passed
15:40:20.122 [TestNG-tests-4] INFO  DollarDays - TC_verifyAddressBookLinksNavigations Test is starting. TestCase verifies AddressBook LeftPanel Links are navigating correctly.
15:40:23.753 [TestNG-tests-4] INFO  DollarDays - My Favorites link url verified successfully.
15:40:23.753 [TestNG-tests-4] INFO  DollarDays - TC_verifyAddressBookLinksNavigations Test is passed
15:40:27.172 [TestNG-tests-4] INFO  DollarDays - TC_verifyAddressBookLinksNavigations Test is starting. TestCase verifies AddressBook LeftPanel Links are navigating correctly.
15:40:33.445 [TestNG-tests-4] INFO  DollarDays - Order History link url verified successfully.
15:40:33.451 [TestNG-tests-4] INFO  DollarDays - TC_verifyAddressBookLinksNavigations Test is passed
15:40:33.941 [TestNG-tests-4] INFO  DollarDays - TC_verifyAddressBookLinksNavigations Test is starting. TestCase verifies AddressBook LeftPanel Links are navigating correctly.
15:40:36.630 [TestNG-tests-4] INFO  DollarDays - User is able to log out successfully
15:40:36.630 [TestNG-tests-4] INFO  DollarDays - Logging into Dollardays Website .
15:40:36.631 [TestNG-tests-4] DEBUG DollarDays - Navigating to Login Page.
15:40:48.727 [TestNG-tests-4] DEBUG DollarDays - Clearing and Entering UserEmail and Password
15:40:49.146 [TestNG-tests-4] DEBUG DollarDays - Clicking Sign in Button
15:40:55.609 [TestNG-tests-4] INFO  DollarDays - TC_verifyAddressBookLinksNavigations Test is passed
15:40:56.048 [TestNG-tests-4] INFO  DollarDays - TC_verifyAddNewShipToAddressLink Test is starting. TestCase verifies new address is ADDED correctly in the AddressBook page.
15:41:11.550 [TestNG-tests-4] INFO  DollarDays - New Address is added succesfully on clicking NewShipToAddressLink
15:41:11.551 [TestNG-tests-4] INFO  DollarDays - TC_verifyAddNewShipToAddressLink Test is passed
15:41:11.896 [TestNG-tests-4] INFO  DollarDays - TC_verifyEditLink Test is starting. TestCase verifies saved address is EDITED correctly in the AddressBook page.
15:41:23.678 [TestNG-tests-4] INFO  DollarDays - Added Address is  edited succesfully
15:41:23.679 [TestNG-tests-4] INFO  DollarDays - TC_verifyEditLink Test is passed
15:41:23.993 [TestNG-tests-4] INFO  DollarDays - TC_verifySetAsDefaultLink Test is starting. TestCase verifies address when setasdefault is saved correctly in the AddressBook page and AccountOverview Page
15:41:24.228 [TestNG-tests-3] WARN  DollarDays - NoSuchElementException  Proxy element for: DefaultElementLocator 'By.linkText: Sign In' This WebElement is not present/displayed. 
15:41:24.229 [TestNG-tests-3] DEBUG DollarDays - Clearing and Entering UserEmail and Password .
