08:55:00.527 [main] DEBUG DollarDays - Name fetched from excel is :[100, 23001 Glenoaks Rd, Burbank, CA 91504]
08:55:06.668 [main] INFO  DollarDays - Address is not deleted on clicking no button in confirmation box
08:55:15.354 [main] INFO  DollarDays - Country  is   verified as a DropdownList successfully.
08:55:18.138 [main] INFO  DollarDays - United States of America is selected from dropdownlist by default
08:55:18.997 [main] DEBUG DollarDays - [Alabama, Alaska, Arizona, Arkansas, California, Colorado, Connecticut, Delaware, District of Columbia, Florida, Georgia, Hawaii, Idaho, Illinois, Indiana, Iowa, Kansas, Kentucky, Louisiana, Maine, Maryland, Massachusetts, Michigan, Minnesota, Mississippi, Missouri, Montana, Nebraska, Nevada, New Hampshire, New Jersey, New Mexico, New York, North Carolina, North Dakota, Ohio, Oklahoma, Oregon, Pennsylvania, Rhode Island, South Carolina, South Dakota, Tennessee, Texas, Utah, Vermont, Virginia, Washington, West Virginia, Wisconsin, Wyoming]expstateslist is displayed
08:55:19.010 [main] INFO  DollarDays - States List is  displayed as expected
08:55:20.951 [main] INFO  DollarDays - Alert is displayed for companyname for receiving type Commercial shipments with shipping dock:"+companyNameAlert
08:55:22.883 [main] INFO  DollarDays - Alert is displayed for companyname for receiving type Commercial shipments without shipping dock:Company name/Organization name is required for commercial shipments
08:55:30.521 [main] INFO  DollarDays - Alert is displayed for empty mandatory fields
08:55:30.522 [main] INFO  DollarDays - Given name / first name (Required) is displayed for empty firstname
08:55:30.522 [main] INFO  DollarDays - Surname / last name / family name (Required) is displayed for empty lastname
08:55:30.522 [main] INFO  DollarDays - Address (Required) is displayed for empty streetaddress
08:55:30.522 [main] INFO  DollarDays - Country (Required)is displayed for empty country
08:55:30.522 [main] INFO  DollarDays - City (Required) is displayed for empty city
08:55:30.522 [main] INFO  DollarDays - This field is required. is displayed for empty State
08:55:30.522 [main] INFO  DollarDays - Phone Number (Required) is displayed for empty phoneno
08:55:30.522 [main] INFO  DollarDays - Zip code (Required)is displayed for empty zipcode
08:55:30.939 [main] DEBUG DollarDays - Firstname textbox contains22characters
08:55:30.939 [main] INFO  DollarDays - Firstname textbox is accepting up to max 26 characters
08:55:31.405 [main] DEBUG DollarDays - Lasttname textbox contains19characters
08:55:31.405 [main] INFO  DollarDays - Lasttname textbox is accepting up to max 26 characters
08:55:33.270 [main] DEBUG DollarDays - StreetAddress entered is:333b,Andover-dr
08:55:33.270 [main] INFO  DollarDays - StreetAddress textbox is accepting both alphanumeric and specialchracters
08:55:35.029 [main] DEBUG DollarDays - Apartment entered is:bldg@331
08:55:35.029 [main] INFO  DollarDays - Apt textbox is accepting both alphanumeric and specialchracters
08:55:36.737 [main] INFO  DollarDays - WebPage is closed
08:58:10.077 [main] INFO  DollarDays - Firefox Driver is initialized
08:58:10.217 [main] INFO  DollarDays - Opening the firefox browser and Navigating to Home page of Dollardays
08:58:18.863 [main] INFO  DollarDays - Navigated to Homepage of  Dollardays 
08:58:18.863 [main] INFO  DollarDays - Deleting cookies
08:58:18.911 [main] INFO  DollarDays - Maximize browser window 
08:58:19.009 [main] INFO  DollarDays - Logging into Dollardays Website .
08:58:19.010 [main] DEBUG DollarDays - Navigating to Login Page.
08:58:33.398 [main] DEBUG DollarDays - Clearing and Entering UserEmail and Password
08:58:33.995 [main] DEBUG DollarDays - Clicking Sign in Button
08:58:51.085 [main] INFO  DollarDays - Verified AddressBookPage Title successfully.
08:58:51.159 [main] INFO  DollarDays - Verified AddressBookPage Heading successfully.
08:58:51.218 [main] INFO  DollarDays - AddShipToAddress link is displayed
08:58:51.397 [main] DEBUG DollarDays - The actual AddressBookPageLeftPanelaccount links are:
[Account Overview, My Profile, My Address Book, My Wallet, Tax Exempt, My Favorites, Order History, Log Out]
08:58:52.220 [main] DEBUG DollarDays - The expected list is:
[Account Overview, My Profile, My Address Book, My Wallet, Tax Exempt, My Favorites, Order History, Log Out]
08:58:52.221 [main] INFO  DollarDays - AddressBookLeftPaneLinkTexts are getting displayed as expected
08:58:56.571 [main] INFO  DollarDays - Account Overview link url verified successfully.
08:59:07.814 [main] INFO  DollarDays - My Profile link url verified successfully.
08:59:10.751 [main] INFO  DollarDays - My Address Book link url verified successfully.
08:59:17.989 [main] INFO  DollarDays - My Wallet link url verified successfully.
08:59:23.106 [main] INFO  DollarDays - Tax Exempt link url verified successfully.
08:59:25.916 [main] INFO  DollarDays - My Favorites link url verified successfully.
