15:03:57.924 [main] WARN  DollarDays - NoSuchElementException  Proxy element for: DefaultElementLocator 'By.xpath: /html/body/form/footer/div[2]/div/p/input' This WebElement is not present/displayed. 
15:04:37.688 [main] INFO  DollarDays - Firefox Driver is initialized
15:04:37.693 [main] INFO  DollarDays - Opening the firefox browser and Navigating to Home page of Dollardays
15:04:41.590 [main] INFO  DollarDays - Navigated to Homepage of  Dollardays 
15:04:41.590 [main] INFO  DollarDays - Deleting cookies
15:04:41.639 [main] INFO  DollarDays - Maximize browser window 
15:04:41.745 [main] INFO  DollarDays - Logging into Dollardays Website .
15:04:41.749 [main] DEBUG DollarDays - Navigating to Login Page.
15:04:47.853 [main] DEBUG DollarDays - Clearing and Entering UserEmail and Password
15:04:48.642 [main] DEBUG DollarDays - Clicking Sign in Button
15:05:31.495 [main] INFO  DollarDays - Firefox Driver is initialized
15:05:31.503 [main] INFO  DollarDays - Opening the firefox browser and Navigating to Home page of Dollardays
15:05:35.988 [main] INFO  DollarDays - Navigated to Homepage of  Dollardays 
15:05:35.989 [main] INFO  DollarDays - Deleting cookies
15:05:36.034 [main] INFO  DollarDays - Maximize browser window 
15:05:36.149 [main] INFO  DollarDays - Logging into Dollardays Website .
15:05:36.151 [main] DEBUG DollarDays - Navigating to Login Page.
15:05:42.396 [main] DEBUG DollarDays - Clearing and Entering UserEmail and Password
15:05:43.068 [main] DEBUG DollarDays - Clicking Sign in Button
15:05:54.194 [main] INFO  DollarDays - Logging into Dollardays Website .
15:05:54.195 [main] DEBUG DollarDays - Navigating to Login Page.
15:06:54.334 [main] WARN  DollarDays - NoSuchElementException  Proxy element for: DefaultElementLocator 'By.xpath: //span[text()='Sign in']' This WebElement is not present/displayed. 
15:07:58.770 [main] WARN  DollarDays - NoSuchElementException  Proxy element for: DefaultElementLocator 'By.linkText: Sign In' This WebElement is not present/displayed. 
15:07:58.792 [main] DEBUG DollarDays - Clearing and Entering UserEmail and Password
15:08:38.361 [main] INFO  DollarDays - Firefox Driver is initialized
15:08:38.361 [main] INFO  DollarDays - Opening the firefox browser and Navigating to Home page of Dollardays
15:08:41.670 [main] INFO  DollarDays - Navigated to Homepage of  Dollardays 
15:08:41.670 [main] INFO  DollarDays - Deleting cookies
15:08:41.715 [main] INFO  DollarDays - Maximize browser window 
15:08:41.815 [main] INFO  DollarDays - Logging into Dollardays Website .
15:08:41.815 [main] DEBUG DollarDays - Navigating to Login Page.
15:08:48.343 [main] DEBUG DollarDays - Clearing and Entering UserEmail and Password
15:08:49.017 [main] DEBUG DollarDays - Clicking Sign in Button
15:08:58.866 [main] WARN  DollarDays - NoSuchElementException  Proxy element for: DefaultElementLocator 'By.id: inputLoginUsername' This WebElement is not present/displayed. 
15:09:00.618 [main] INFO  DollarDays - Logging into Dollardays Website .
15:09:00.621 [main] DEBUG DollarDays - Navigating to Login Page.
15:09:58.939 [main] WARN  DollarDays - NoSuchElementException  Proxy element for: DefaultElementLocator 'By.id: inputLoginPassword' This WebElement is not present/displayed. 
15:09:58.939 [main] DEBUG DollarDays - Clicking Sign in Button
15:10:00.746 [main] WARN  DollarDays - NoSuchElementException  Proxy element for: DefaultElementLocator 'By.xpath: //span[text()='Sign in']' This WebElement is not present/displayed. 
15:10:59.040 [main] WARN  DollarDays - NoSuchElementException  Proxy element for: DefaultElementLocator 'By.xpath: //*[@id="aspnetForm"]/div[5]/div/div/div/div[2]/div/div[1]/div/div/div[4]/button' This WebElement is not present/displayed. 
15:11:01.708 [main] WARN  DollarDays - NoSuchElementException  Proxy element for: DefaultElementLocator 'By.linkText: Sign In' This WebElement is not present/displayed. 
15:11:01.726 [main] DEBUG DollarDays - Clearing and Entering UserEmail and Password
15:12:01.830 [main] WARN  DollarDays - NoSuchElementException  Proxy element for: DefaultElementLocator 'By.id: inputLoginUsername' This WebElement is not present/displayed. 
15:12:09.338 [main] WARN  DollarDays - NoSuchElementException  Proxy element for: DefaultElementLocator 'By.xpath: /html/body/form/footer/div[2]/div/p/input' This WebElement is not present/displayed. 
15:13:01.917 [main] WARN  DollarDays - NoSuchElementException  Proxy element for: DefaultElementLocator 'By.id: inputLoginPassword' This WebElement is not present/displayed. 
15:13:01.918 [main] DEBUG DollarDays - Clicking Sign in Button
15:13:09.408 [main] WARN  DollarDays - NoSuchElementException  Proxy element for: DefaultElementLocator 'By.xpath: //*[@id='aspnetForm']/div[5]/div[1]/section/div/div[3]/div/div[2]' This WebElement is not present/displayed. 
15:14:02.011 [main] WARN  DollarDays - NoSuchElementException  Proxy element for: DefaultElementLocator 'By.xpath: //*[@id="aspnetForm"]/div[5]/div/div/div/div[2]/div/div[1]/div/div/div[4]/button' This WebElement is not present/displayed. 
15:14:09.518 [main] WARN  DollarDays - NoSuchElementException  Proxy element for: DefaultElementLocator 'By.xpath: //*[@id='aspnetForm']/div[5]/div[1]/section/div/div[3]/div/div[2]/div/section/div[1]/div[2]/div/div/ul/li[1]/a' This WebElement is not present/displayed. 
15:15:09.640 [main] WARN  DollarDays - NoSuchElementException  Proxy element for: DefaultElementLocator 'By.xpath: //*[@id="aspnetForm"]/div[5]/div[1]/section/div/div[3]/div/div[2]/div/section/div[1]/div[2]/div/div/ul/li[3]/a' This WebElement is not present/displayed. 
15:15:11.222 [main] WARN  DollarDays - NoSuchElementException  Proxy element for: DefaultElementLocator 'By.xpath: /html/body/form/footer/div[2]/div/p/input' This WebElement is not present/displayed. 
15:16:09.744 [main] WARN  DollarDays - NoSuchElementException  Proxy element for: DefaultElementLocator 'By.xpath: //*[@id="aspnetForm"]/div[5]/div[1]/section/div/div[3]/div/div[2]/div/section/div[1]/div[2]/div/div[1]/i' This WebElement is not present/displayed. 
15:16:11.314 [main] WARN  DollarDays - NoSuchElementException  Proxy element for: DefaultElementLocator 'By.xpath: //h5[text()='+ Add a new ship-to address']' This WebElement is not present/displayed. 
15:17:09.843 [main] WARN  DollarDays - NoSuchElementException  Proxy element for: DefaultElementLocator 'By.xpath: //*[@id='aspnetForm']/div[5]/div[1]/section/div/div[3]/div/div[2]/div/section/div[1]/div[2]/div/p' This WebElement is not present/displayed. 
15:17:11.427 [main] WARN  DollarDays - NoSuchElementException  Proxy element for: DefaultElementLocator 'By.xpath: //*[@id='aspnetForm']/div[5]/div[1]/section/div/div[3]/div/div[2]/div/section/div[1]/div[2]/div/div/ul/li[1]/a' This WebElement is not present/displayed. 
15:18:11.451 [main] WARN  DollarDays - NoSuchElementException  Proxy element for: DefaultElementLocator 'By.xpath: //*[@id="aspnetForm"]/div[5]/div[1]/section/div/div[3]/div/div[2]/div/section/div[1]/div[2]/div/div/ul/li[2]/a' This WebElement is not present/displayed. 
15:18:11.526 [main] WARN  DollarDays - NoSuchElementException  Proxy element for: DefaultElementLocator 'By.xpath: //*[@id="aspnetForm"]/div[5]/div[1]/section/div/div[3]/div/div[2]/div/section/div[1]/div[2]/div/div/ul/li[3]/a' This WebElement is not present/displayed. 
15:19:11.544 [main] WARN  DollarDays - NoSuchElementException  Proxy element for: DefaultElementLocator 'By.xpath: //*[@id='confirmationBox']/div/div' This WebElement is not present/displayed. 
15:19:11.622 [main] WARN  DollarDays - NoSuchElementException  Proxy element for: DefaultElementLocator 'By.xpath: //*[@id="aspnetForm"]/div[5]/div[1]/section/div/div[3]/div/div[2]/div/section/div[1]/div[2]/div/div[1]/i' This WebElement is not present/displayed. 
