15:17:52.892 [main] DEBUG DollarDays - Navigating to Login Page.
15:17:56.722 [main] DEBUG DollarDays - Clearing and Entering UserEmail and Password
15:17:57.429 [main] DEBUG DollarDays - Clicking Sign in Button
15:18:44.800 [main] INFO  DollarDays - WebPage is closed
15:33:58.108 [main] INFO  DollarDays - Firefox Driver is initialized
15:33:58.108 [main] INFO  DollarDays - Opening the firefox browser and Navigating to Home page of Dollardays
15:34:02.825 [main] INFO  DollarDays - Navigated to Homepage of  Dollardays 
15:34:02.825 [main] INFO  DollarDays - Deleting cookies
15:34:02.841 [main] INFO  DollarDays - Maximize browser window 
15:34:02.932 [main] INFO  DollarDays - Logging into Dollardays Website .
15:34:02.932 [main] DEBUG DollarDays - Navigating to Login Page.
15:34:09.965 [main] DEBUG DollarDays - Clearing and Entering UserEmail and Password
15:34:10.350 [main] DEBUG DollarDays - Clicking Sign in Button
15:34:16.930 [main] INFO  DollarDays - Verified AddressBookPage Title successfully.
15:34:17.015 [main] INFO  DollarDays - Verified AddressBookPage Heading successfully.
15:34:41.218 [main] INFO  DollarDays - Logging into Dollardays Website .
15:34:41.232 [main] DEBUG DollarDays - Navigating to Login Page.
15:34:45.180 [main] DEBUG DollarDays - Clearing and Entering UserEmail and Password
15:34:45.713 [main] DEBUG DollarDays - Clicking Sign in Button
15:35:49.328 [main] WARN  DollarDays - NoSuchElementException  Proxy element for: DefaultElementLocator 'By.linkText: Address Book' This WebElement is not present/displayed. 
15:36:17.430 [main] INFO  DollarDays - Firefox Driver is initialized
15:36:17.430 [main] INFO  DollarDays - Opening the firefox browser and Navigating to Home page of Dollardays
15:36:20.154 [main] INFO  DollarDays - Navigated to Homepage of  Dollardays 
15:36:20.154 [main] INFO  DollarDays - Deleting cookies
15:36:20.201 [main] INFO  DollarDays - Maximize browser window 
15:36:20.312 [main] INFO  DollarDays - Logging into Dollardays Website .
15:36:20.317 [main] DEBUG DollarDays - Navigating to Login Page.
15:36:26.406 [main] DEBUG DollarDays - Clearing and Entering UserEmail and Password
15:36:26.834 [main] DEBUG DollarDays - Clicking Sign in Button
15:36:33.226 [main] INFO  DollarDays - Verified AddressBookPage Title successfully.
15:36:33.326 [main] INFO  DollarDays - Verified AddressBookPage Heading successfully.
15:37:01.673 [main] INFO  DollarDays - Logging into Dollardays Website .
15:37:01.673 [main] DEBUG DollarDays - Navigating to Login Page.
15:37:06.287 [main] DEBUG DollarDays - Clearing and Entering UserEmail and Password
15:37:06.854 [main] DEBUG DollarDays - Clicking Sign in Button
15:37:54.925 [main] INFO  DollarDays - WebPage is closed
15:55:43.795 [main] INFO  DollarDays - Firefox Driver is initialized
15:55:43.795 [main] INFO  DollarDays - Opening the firefox browser and Navigating to Home page of Dollardays
15:55:46.645 [main] INFO  DollarDays - Navigated to Homepage of  Dollardays 
15:55:46.645 [main] INFO  DollarDays - Deleting cookies
15:55:46.670 [main] INFO  DollarDays - Maximize browser window 
15:55:46.773 [main] INFO  DollarDays - Logging into Dollardays Website .
15:55:46.776 [main] DEBUG DollarDays - Navigating to Login Page.
15:55:53.397 [main] DEBUG DollarDays - Clearing and Entering UserEmail and Password
15:55:53.898 [main] DEBUG DollarDays - Clicking Sign in Button
15:56:02.803 [main] INFO  DollarDays - Verified AddressBookPage Title successfully.
15:56:02.885 [main] INFO  DollarDays - Verified AddressBookPage Heading successfully.
15:56:35.081 [main] INFO  DollarDays - Logging into Dollardays Website .
15:56:35.097 [main] DEBUG DollarDays - Navigating to Login Page.
15:56:39.046 [main] DEBUG DollarDays - Clearing and Entering UserEmail and Password
15:56:39.609 [main] DEBUG DollarDays - Clicking Sign in Button
15:57:27.448 [main] INFO  DollarDays - WebPage is closed
16:22:54.941 [main] INFO  DollarDays - Firefox Driver is initialized
16:22:54.949 [main] INFO  DollarDays - Opening the firefox browser and Navigating to Home page of Dollardays
16:22:58.981 [main] INFO  DollarDays - Navigated to Homepage of  Dollardays 
16:22:58.981 [main] INFO  DollarDays - Deleting cookies
16:22:59.012 [main] INFO  DollarDays - Maximize browser window 
16:22:59.096 [main] INFO  DollarDays - Logging into Dollardays Website .
16:22:59.111 [main] DEBUG DollarDays - Navigating to Login Page.
16:23:04.758 [main] DEBUG DollarDays - Clearing and Entering UserEmail and Password
16:23:05.131 [main] DEBUG DollarDays - Clicking Sign in Button
16:24:08.771 [main] WARN  DollarDays - NoSuchElementException  Proxy element for: DefaultElementLocator 'By.linkText: Address Book' This WebElement is not present/displayed. 
17:07:15.776 [main] INFO  DollarDays - Firefox Driver is initialized
17:07:15.778 [main] INFO  DollarDays - Opening the firefox browser and Navigating to Home page of Dollardays
17:07:18.859 [main] INFO  DollarDays - Navigated to Homepage of  Dollardays 
