10:53:53.768 [main] DEBUG DollarDays - Clearing and Entering UserEmail and Password
10:53:54.583 [main] DEBUG DollarDays - Clicking Sign in Button
10:55:15.752 [main] WARN  DollarDays - NoSuchElementException  Proxy element for: DefaultElementLocator 'By.linkText: Address Book' This WebElement is not present/displayed. 
10:56:16.745 [main] WARN  DollarDays - NoSuchElementException  Proxy element for: DefaultElementLocator 'By.xpath: /html/body/form/div[5]/div[1]/section/div/div[1]/h2[1]' This WebElement is not present/displayed. 
10:56:21.354 [main] INFO  DollarDays - Logging into Dollardays Website .
10:56:21.355 [main] DEBUG DollarDays - Navigating to Login Page.
13:44:58.461 [main] INFO  DollarDays - Firefox Driver is initialized
13:44:58.467 [main] INFO  DollarDays - Opening the firefox browser and Navigating to Home page of Dollardays
13:45:03.312 [main] INFO  DollarDays - Navigated to Homepage of  Dollardays 
13:45:03.313 [main] INFO  DollarDays - Deleting cookies
13:45:03.363 [main] INFO  DollarDays - Maximize browser window 
13:45:03.478 [main] INFO  DollarDays - Logging into Dollardays Website .
13:45:03.480 [main] DEBUG DollarDays - Navigating to Login Page.
13:45:09.582 [main] DEBUG DollarDays - Clearing and Entering UserEmail and Password
13:45:10.198 [main] DEBUG DollarDays - Clicking Sign in Button
13:45:53.180 [main] INFO  DollarDays - Logging into Dollardays Website .
13:45:53.181 [main] DEBUG DollarDays - Navigating to Login Page.
13:45:58.844 [main] DEBUG DollarDays - Clearing and Entering UserEmail and Password
13:45:59.552 [main] DEBUG DollarDays - Clicking Sign in Button
13:47:07.379 [main] WARN  DollarDays - NoSuchElementException  Proxy element for: DefaultElementLocator 'By.xpath: //*[@id='aspnetForm']/div[5]/div[1]/section/div/div[3]/div/div[2]/div/section/div[1]/div[2]/div/div/ul/li[1]/a' This WebElement is not present/displayed. 
13:48:07.485 [main] WARN  DollarDays - NoSuchElementException  Proxy element for: DefaultElementLocator 'By.xpath: //*[@id="aspnetForm"]/div[5]/div[1]/section/div/div[3]/div/div[2]/div/section/div[1]/div[2]/div/div/ul/li[3]/a' This WebElement is not present/displayed. 
13:49:07.587 [main] WARN  DollarDays - NoSuchElementException  Proxy element for: DefaultElementLocator 'By.xpath: //*[@id="aspnetForm"]/div[5]/div[1]/section/div/div[3]/div/div[2]/div/section/div[1]/div[2]/div/div[1]/i' This WebElement is not present/displayed. 
13:49:58.548 [main] INFO  DollarDays - Firefox Driver is initialized
13:49:58.554 [main] INFO  DollarDays - Opening the firefox browser and Navigating to Home page of Dollardays
13:50:02.586 [main] INFO  DollarDays - Navigated to Homepage of  Dollardays 
13:50:02.587 [main] INFO  DollarDays - Deleting cookies
13:50:02.635 [main] INFO  DollarDays - Maximize browser window 
13:50:02.765 [main] INFO  DollarDays - Logging into Dollardays Website .
13:50:02.770 [main] DEBUG DollarDays - Navigating to Login Page.
13:50:46.308 [main] INFO  DollarDays - Firefox Driver is initialized
13:50:46.314 [main] INFO  DollarDays - Opening the firefox browser and Navigating to Home page of Dollardays
13:50:50.364 [main] INFO  DollarDays - Navigated to Homepage of  Dollardays 
13:50:50.365 [main] INFO  DollarDays - Deleting cookies
13:50:50.423 [main] INFO  DollarDays - Maximize browser window 
13:50:50.532 [main] INFO  DollarDays - Logging into Dollardays Website .
13:50:50.533 [main] DEBUG DollarDays - Navigating to Login Page.
13:50:56.134 [main] DEBUG DollarDays - Clearing and Entering UserEmail and Password
13:50:56.705 [main] DEBUG DollarDays - Clicking Sign in Button
13:51:07.475 [main] INFO  DollarDays - Logging into Dollardays Website .
13:51:07.476 [main] DEBUG DollarDays - Navigating to Login Page.
13:52:07.627 [main] WARN  DollarDays - NoSuchElementException  Proxy element for: DefaultElementLocator 'By.xpath: //span[text()='Sign in']' This WebElement is not present/displayed. 
13:53:09.886 [main] WARN  DollarDays - NoSuchElementException  Proxy element for: DefaultElementLocator 'By.linkText: Sign In' This WebElement is not present/displayed. 
13:53:09.909 [main] DEBUG DollarDays - Clearing and Entering UserEmail and Password
13:54:09.999 [main] WARN  DollarDays - NoSuchElementException  Proxy element for: DefaultElementLocator 'By.id: inputLoginUsername' This WebElement is not present/displayed. 
13:55:10.076 [main] WARN  DollarDays - NoSuchElementException  Proxy element for: DefaultElementLocator 'By.id: inputLoginPassword' This WebElement is not present/displayed. 
13:55:10.076 [main] DEBUG DollarDays - Clicking Sign in Button
13:56:10.168 [main] WARN  DollarDays - NoSuchElementException  Proxy element for: DefaultElementLocator 'By.xpath: //*[@id="aspnetForm"]/div[5]/div/div/div/div[2]/div/div[1]/div/div/div[4]/button' This WebElement is not present/displayed. 
13:57:18.316 [main] WARN  DollarDays - NoSuchElementException  Proxy element for: DefaultElementLocator 'By.xpath: /html/body/form/footer/div[2]/div/p/input' This WebElement is not present/displayed. 
