15:42:48.926 [TestNG-tests-4] INFO  DollarDays - Firstname textbox contains22characters
15:42:48.928 [TestNG-tests-4] INFO  DollarDays - Firstname textbox is accepting up to max 26 characters
15:42:48.928 [TestNG-tests-4] INFO  DollarDays - TC_verifyFirstNameTextboxMaxLength Test is passed
15:42:49.217 [TestNG-tests-4] INFO  DollarDays - TC_verifyLastNameTextboxMaxlength Test is starting. TestCase verifies LastName textbox accepts characters until maxlength defined
15:42:49.550 [TestNG-tests-4] INFO  DollarDays - Lasttname textbox contains19characters
15:42:49.551 [TestNG-tests-4] INFO  DollarDays - Lasttname textbox is accepting up to max 26 characters
15:42:49.551 [TestNG-tests-4] INFO  DollarDays - TC_verifyLastNameTextboxMaxlength Test is passed
15:42:49.818 [TestNG-tests-4] INFO  DollarDays - TC_verifyStreetAddressTextbox Test is starting. TestCase verifies StresstAddress textbox accepts alphanumeric characters.
15:42:51.594 [TestNG-tests-4] INFO  DollarDays - StreetAddress entered is:333b,Andover-dr
15:42:51.596 [TestNG-tests-4] INFO  DollarDays - StreetAddress textbox is accepting both alphanumeric and specialchracters
15:42:51.598 [TestNG-tests-4] INFO  DollarDays - TC_verifyStreetAddressTextbox Test is passed
15:42:51.894 [TestNG-tests-4] INFO  DollarDays - TC_verifyAptStebldgTextbox Test is starting. TestCase verifies Apt textbox accepts alphanumeric characters.
15:42:53.632 [TestNG-tests-4] INFO  DollarDays - Apartment entered is:bldg@331
15:42:53.633 [TestNG-tests-4] INFO  DollarDays - Apt textbox is accepting both alphanumeric and specialchracters
15:42:53.635 [TestNG-tests-4] INFO  DollarDays - TC_verifyAptStebldgTextbox Test is passed
15:42:56.074 [TestNG-tests-4] INFO  DollarDays - WebPage is closed
15:43:24.386 [TestNG-tests-3] WARN  DollarDays - NoSuchElementException  Proxy element for: DefaultElementLocator 'By.id: inputLoginPassword' This WebElement is not present/displayed. 
15:43:24.386 [TestNG-tests-3] DEBUG DollarDays - Clicking Sign in Button.
15:44:24.443 [TestNG-tests-3] WARN  DollarDays - NoSuchElementException  Proxy element for: DefaultElementLocator 'By.xpath: //*[@id="aspnetForm"]/div[5]/div/div/div/div[2]/div/div[1]/div/div/div[4]/button' This WebElement is not present/displayed. 
15:44:24.445 [TestNG-tests-3] INFO  DollarDays - Checking if user has signed in to dollardays WebPage
15:44:24.512 [TestNG-tests-3] INFO  DollarDays - User is not Signed in
15:44:24.513 [TestNG-tests-3] INFO  DollarDays - TC_loginDDT Test is passed
15:44:25.727 [TestNG-tests-3] INFO  DollarDays - TC_loginDDT Test is starting. This Testcase checks for logging in functionality using valid and invalid username/password combinations
15:44:25.744 [TestNG-tests-3] DEBUG DollarDays - Clicking  SigninIcon and then SignIn option from the DropDown List to navigate to Login Page
15:45:30.921 [TestNG-tests-3] WARN  DollarDays - NoSuchElementException  Proxy element for: DefaultElementLocator 'By.linkText: Sign In' This WebElement is not present/displayed. 
15:45:30.922 [TestNG-tests-3] DEBUG DollarDays - Clearing and Entering UserEmail and Password .
15:46:31.010 [TestNG-tests-3] WARN  DollarDays - NoSuchElementException  Proxy element for: DefaultElementLocator 'By.id: inputLoginUsername' This WebElement is not present/displayed. 
15:47:31.098 [TestNG-tests-3] WARN  DollarDays - NoSuchElementException  Proxy element for: DefaultElementLocator 'By.id: inputLoginPassword' This WebElement is not present/displayed. 
15:47:31.099 [TestNG-tests-3] DEBUG DollarDays - Clicking Sign in Button.
15:48:31.174 [TestNG-tests-3] WARN  DollarDays - NoSuchElementException  Proxy element for: DefaultElementLocator 'By.xpath: //*[@id="aspnetForm"]/div[5]/div/div/div/div[2]/div/div[1]/div/div/div[4]/button' This WebElement is not present/displayed. 
15:48:31.178 [TestNG-tests-3] INFO  DollarDays - Checking if user has signed in to dollardays WebPage
15:48:31.258 [TestNG-tests-3] INFO  DollarDays - User is not Signed in
15:48:31.258 [TestNG-tests-3] INFO  DollarDays - TC_loginDDT Test is passed
15:48:32.455 [TestNG-tests-3] INFO  DollarDays - TC_loginDDT Test is starting. This Testcase checks for logging in functionality using valid and invalid username/password combinations
15:48:32.478 [TestNG-tests-3] DEBUG DollarDays - Clicking  SigninIcon and then SignIn option from the DropDown List to navigate to Login Page
15:49:33.704 [TestNG-tests-3] WARN  DollarDays - NoSuchElementException  Proxy element for: DefaultElementLocator 'By.linkText: Sign In' This WebElement is not present/displayed. 
15:49:33.704 [TestNG-tests-3] DEBUG DollarDays - Clearing and Entering UserEmail and Password .
15:50:33.774 [TestNG-tests-3] WARN  DollarDays - NoSuchElementException  Proxy element for: DefaultElementLocator 'By.id: inputLoginUsername' This WebElement is not present/displayed. 
15:51:33.846 [TestNG-tests-3] WARN  DollarDays - NoSuchElementException  Proxy element for: DefaultElementLocator 'By.id: inputLoginPassword' This WebElement is not present/displayed. 
